0 info it worked if it ends with ok
1 verbose cli [ 'C:\\Program Files\\nodejs\\node.exe',
1 verbose cli   'C:\\Program Files\\nodejs\\node_modules\\npm\\bin\\npm-cli.js',
1 verbose cli   'cache',
1 verbose cli   'clean' ]
2 info using npm@2.15.9
3 info using node@v4.5.0
4 silly ls normalized .
5 silly gentlyRm C:\Users\Austin\AppData\Roaming\npm-cache\_locks is being purged
6 verbose gentlyRm don't care about contents; nuking C:\Users\Austin\AppData\Roaming\npm-cache\_locks
7 silly gentlyRm C:\Users\Austin\AppData\Roaming\npm-cache\accepts is being purged
8 verbose gentlyRm don't care about contents; nuking C:\Users\Austin\AppData\Roaming\npm-cache\accepts
9 silly gentlyRm C:\Users\Austin\AppData\Roaming\npm-cache\array-flatten is being purged
10 verbose gentlyRm don't care about contents; nuking C:\Users\Austin\AppData\Roaming\npm-cache\array-flatten
11 silly gentlyRm C:\Users\Austin\AppData\Roaming\npm-cache\async is being purged
12 verbose gentlyRm don't care about contents; nuking C:\Users\Austin\AppData\Roaming\npm-cache\async
13 silly gentlyRm C:\Users\Austin\AppData\Roaming\npm-cache\bluebird is being purged
14 verbose gentlyRm don't care about contents; nuking C:\Users\Austin\AppData\Roaming\npm-cache\bluebird
15 silly gentlyRm C:\Users\Austin\AppData\Roaming\npm-cache\body-parser is being purged
16 verbose gentlyRm don't care about contents; nuking C:\Users\Austin\AppData\Roaming\npm-cache\body-parser
17 silly gentlyRm C:\Users\Austin\AppData\Roaming\npm-cache\bson is being purged
18 verbose gentlyRm don't care about contents; nuking C:\Users\Austin\AppData\Roaming\npm-cache\bson
19 silly gentlyRm C:\Users\Austin\AppData\Roaming\npm-cache\buffer-shims is being purged
20 verbose gentlyRm don't care about contents; nuking C:\Users\Austin\AppData\Roaming\npm-cache\buffer-shims
21 silly gentlyRm C:\Users\Austin\AppData\Roaming\npm-cache\bytes is being purged
22 verbose gentlyRm don't care about contents; nuking C:\Users\Austin\AppData\Roaming\npm-cache\bytes
23 silly gentlyRm C:\Users\Austin\AppData\Roaming\npm-cache\content-disposition is being purged
24 verbose gentlyRm don't care about contents; nuking C:\Users\Austin\AppData\Roaming\npm-cache\content-disposition
25 silly gentlyRm C:\Users\Austin\AppData\Roaming\npm-cache\content-type is being purged
26 verbose gentlyRm don't care about contents; nuking C:\Users\Austin\AppData\Roaming\npm-cache\content-type
27 silly gentlyRm C:\Users\Austin\AppData\Roaming\npm-cache\cookie is being purged
28 verbose gentlyRm don't care about contents; nuking C:\Users\Austin\AppData\Roaming\npm-cache\cookie
29 silly gentlyRm C:\Users\Austin\AppData\Roaming\npm-cache\cookie-signature is being purged
30 verbose gentlyRm don't care about contents; nuking C:\Users\Austin\AppData\Roaming\npm-cache\cookie-signature
31 silly gentlyRm C:\Users\Austin\AppData\Roaming\npm-cache\core-util-is is being purged
32 verbose gentlyRm don't care about contents; nuking C:\Users\Austin\AppData\Roaming\npm-cache\core-util-is
33 silly gentlyRm C:\Users\Austin\AppData\Roaming\npm-cache\debug is being purged
34 verbose gentlyRm don't care about contents; nuking C:\Users\Austin\AppData\Roaming\npm-cache\debug
35 silly gentlyRm C:\Users\Austin\AppData\Roaming\npm-cache\depd is being purged
36 verbose gentlyRm don't care about contents; nuking C:\Users\Austin\AppData\Roaming\npm-cache\depd
37 silly gentlyRm C:\Users\Austin\AppData\Roaming\npm-cache\destroy is being purged
38 verbose gentlyRm don't care about contents; nuking C:\Users\Austin\AppData\Roaming\npm-cache\destroy
39 silly gentlyRm C:\Users\Austin\AppData\Roaming\npm-cache\ee-first is being purged
40 verbose gentlyRm don't care about contents; nuking C:\Users\Austin\AppData\Roaming\npm-cache\ee-first
41 silly gentlyRm C:\Users\Austin\AppData\Roaming\npm-cache\encodeurl is being purged
42 verbose gentlyRm don't care about contents; nuking C:\Users\Austin\AppData\Roaming\npm-cache\encodeurl
43 silly gentlyRm C:\Users\Austin\AppData\Roaming\npm-cache\es6-promise is being purged
44 verbose gentlyRm don't care about contents; nuking C:\Users\Austin\AppData\Roaming\npm-cache\es6-promise
45 silly gentlyRm C:\Users\Austin\AppData\Roaming\npm-cache\escape-html is being purged
46 verbose gentlyRm don't care about contents; nuking C:\Users\Austin\AppData\Roaming\npm-cache\escape-html
47 silly gentlyRm C:\Users\Austin\AppData\Roaming\npm-cache\etag is being purged
48 verbose gentlyRm don't care about contents; nuking C:\Users\Austin\AppData\Roaming\npm-cache\etag
49 silly gentlyRm C:\Users\Austin\AppData\Roaming\npm-cache\express is being purged
50 verbose gentlyRm don't care about contents; nuking C:\Users\Austin\AppData\Roaming\npm-cache\express
51 silly gentlyRm C:\Users\Austin\AppData\Roaming\npm-cache\finalhandler is being purged
52 verbose gentlyRm don't care about contents; nuking C:\Users\Austin\AppData\Roaming\npm-cache\finalhandler
53 silly gentlyRm C:\Users\Austin\AppData\Roaming\npm-cache\forwarded is being purged
54 verbose gentlyRm don't care about contents; nuking C:\Users\Austin\AppData\Roaming\npm-cache\forwarded
55 silly gentlyRm C:\Users\Austin\AppData\Roaming\npm-cache\fresh is being purged
56 verbose gentlyRm don't care about contents; nuking C:\Users\Austin\AppData\Roaming\npm-cache\fresh
57 silly gentlyRm C:\Users\Austin\AppData\Roaming\npm-cache\hooks-fixed is being purged
58 verbose gentlyRm don't care about contents; nuking C:\Users\Austin\AppData\Roaming\npm-cache\hooks-fixed
59 silly gentlyRm C:\Users\Austin\AppData\Roaming\npm-cache\http-errors is being purged
60 verbose gentlyRm don't care about contents; nuking C:\Users\Austin\AppData\Roaming\npm-cache\http-errors
61 silly gentlyRm C:\Users\Austin\AppData\Roaming\npm-cache\iconv-lite is being purged
62 verbose gentlyRm don't care about contents; nuking C:\Users\Austin\AppData\Roaming\npm-cache\iconv-lite
63 silly gentlyRm C:\Users\Austin\AppData\Roaming\npm-cache\inherits is being purged
64 verbose gentlyRm don't care about contents; nuking C:\Users\Austin\AppData\Roaming\npm-cache\inherits
65 silly gentlyRm C:\Users\Austin\AppData\Roaming\npm-cache\ipaddr.js is being purged
66 verbose gentlyRm don't care about contents; nuking C:\Users\Austin\AppData\Roaming\npm-cache\ipaddr.js
67 silly gentlyRm C:\Users\Austin\AppData\Roaming\npm-cache\isarray is being purged
68 verbose gentlyRm don't care about contents; nuking C:\Users\Austin\AppData\Roaming\npm-cache\isarray
69 silly gentlyRm C:\Users\Austin\AppData\Roaming\npm-cache\kareem is being purged
70 verbose gentlyRm don't care about contents; nuking C:\Users\Austin\AppData\Roaming\npm-cache\kareem
71 silly gentlyRm C:\Users\Austin\AppData\Roaming\npm-cache\media-typer is being purged
72 verbose gentlyRm don't care about contents; nuking C:\Users\Austin\AppData\Roaming\npm-cache\media-typer
73 silly gentlyRm C:\Users\Austin\AppData\Roaming\npm-cache\merge-descriptors is being purged
74 verbose gentlyRm don't care about contents; nuking C:\Users\Austin\AppData\Roaming\npm-cache\merge-descriptors
75 silly gentlyRm C:\Users\Austin\AppData\Roaming\npm-cache\methods is being purged
76 verbose gentlyRm don't care about contents; nuking C:\Users\Austin\AppData\Roaming\npm-cache\methods
77 silly gentlyRm C:\Users\Austin\AppData\Roaming\npm-cache\mime is being purged
78 verbose gentlyRm don't care about contents; nuking C:\Users\Austin\AppData\Roaming\npm-cache\mime
79 silly gentlyRm C:\Users\Austin\AppData\Roaming\npm-cache\mime-db is being purged
80 verbose gentlyRm don't care about contents; nuking C:\Users\Austin\AppData\Roaming\npm-cache\mime-db
81 silly gentlyRm C:\Users\Austin\AppData\Roaming\npm-cache\mime-types is being purged
82 verbose gentlyRm don't care about contents; nuking C:\Users\Austin\AppData\Roaming\npm-cache\mime-types
83 silly gentlyRm C:\Users\Austin\AppData\Roaming\npm-cache\mongodb is being purged
84 verbose gentlyRm don't care about contents; nuking C:\Users\Austin\AppData\Roaming\npm-cache\mongodb
85 silly gentlyRm C:\Users\Austin\AppData\Roaming\npm-cache\mongodb-core is being purged
86 verbose gentlyRm don't care about contents; nuking C:\Users\Austin\AppData\Roaming\npm-cache\mongodb-core
87 silly gentlyRm C:\Users\Austin\AppData\Roaming\npm-cache\mongoose is being purged
88 verbose gentlyRm don't care about contents; nuking C:\Users\Austin\AppData\Roaming\npm-cache\mongoose
89 silly gentlyRm C:\Users\Austin\AppData\Roaming\npm-cache\mpath is being purged
90 verbose gentlyRm don't care about contents; nuking C:\Users\Austin\AppData\Roaming\npm-cache\mpath
91 silly gentlyRm C:\Users\Austin\AppData\Roaming\npm-cache\mpromise is being purged
92 verbose gentlyRm don't care about contents; nuking C:\Users\Austin\AppData\Roaming\npm-cache\mpromise
93 silly gentlyRm C:\Users\Austin\AppData\Roaming\npm-cache\mquery is being purged
94 verbose gentlyRm don't care about contents; nuking C:\Users\Austin\AppData\Roaming\npm-cache\mquery
95 silly gentlyRm C:\Users\Austin\AppData\Roaming\npm-cache\ms is being purged
96 verbose gentlyRm don't care about contents; nuking C:\Users\Austin\AppData\Roaming\npm-cache\ms
97 silly gentlyRm C:\Users\Austin\AppData\Roaming\npm-cache\muri is being purged
98 verbose gentlyRm don't care about contents; nuking C:\Users\Austin\AppData\Roaming\npm-cache\muri
99 silly gentlyRm C:\Users\Austin\AppData\Roaming\npm-cache\negotiator is being purged
100 verbose gentlyRm don't care about contents; nuking C:\Users\Austin\AppData\Roaming\npm-cache\negotiator
101 silly gentlyRm C:\Users\Austin\AppData\Roaming\npm-cache\on-finished is being purged
102 verbose gentlyRm don't care about contents; nuking C:\Users\Austin\AppData\Roaming\npm-cache\on-finished
103 silly gentlyRm C:\Users\Austin\AppData\Roaming\npm-cache\parseurl is being purged
104 verbose gentlyRm don't care about contents; nuking C:\Users\Austin\AppData\Roaming\npm-cache\parseurl
105 silly gentlyRm C:\Users\Austin\AppData\Roaming\npm-cache\path-to-regexp is being purged
106 verbose gentlyRm don't care about contents; nuking C:\Users\Austin\AppData\Roaming\npm-cache\path-to-regexp
107 silly gentlyRm C:\Users\Austin\AppData\Roaming\npm-cache\process-nextick-args is being purged
108 verbose gentlyRm don't care about contents; nuking C:\Users\Austin\AppData\Roaming\npm-cache\process-nextick-args
109 silly gentlyRm C:\Users\Austin\AppData\Roaming\npm-cache\proxy-addr is being purged
110 verbose gentlyRm don't care about contents; nuking C:\Users\Austin\AppData\Roaming\npm-cache\proxy-addr
111 silly gentlyRm C:\Users\Austin\AppData\Roaming\npm-cache\qs is being purged
112 verbose gentlyRm don't care about contents; nuking C:\Users\Austin\AppData\Roaming\npm-cache\qs
113 silly gentlyRm C:\Users\Austin\AppData\Roaming\npm-cache\range-parser is being purged
114 verbose gentlyRm don't care about contents; nuking C:\Users\Austin\AppData\Roaming\npm-cache\range-parser
115 silly gentlyRm C:\Users\Austin\AppData\Roaming\npm-cache\raw-body is being purged
116 verbose gentlyRm don't care about contents; nuking C:\Users\Austin\AppData\Roaming\npm-cache\raw-body
117 silly gentlyRm C:\Users\Austin\AppData\Roaming\npm-cache\readable-stream is being purged
118 verbose gentlyRm don't care about contents; nuking C:\Users\Austin\AppData\Roaming\npm-cache\readable-stream
119 silly gentlyRm C:\Users\Austin\AppData\Roaming\npm-cache\regexp-clone is being purged
120 verbose gentlyRm don't care about contents; nuking C:\Users\Austin\AppData\Roaming\npm-cache\regexp-clone
121 silly gentlyRm C:\Users\Austin\AppData\Roaming\npm-cache\registry.npmjs.org is being purged
122 verbose gentlyRm don't care about contents; nuking C:\Users\Austin\AppData\Roaming\npm-cache\registry.npmjs.org
123 silly gentlyRm C:\Users\Austin\AppData\Roaming\npm-cache\require_optional is being purged
124 verbose gentlyRm don't care about contents; nuking C:\Users\Austin\AppData\Roaming\npm-cache\require_optional
125 silly gentlyRm C:\Users\Austin\AppData\Roaming\npm-cache\resolve-from is being purged
126 verbose gentlyRm don't care about contents; nuking C:\Users\Austin\AppData\Roaming\npm-cache\resolve-from
127 silly gentlyRm C:\Users\Austin\AppData\Roaming\npm-cache\semver is being purged
128 verbose gentlyRm don't care about contents; nuking C:\Users\Austin\AppData\Roaming\npm-cache\semver
129 silly gentlyRm C:\Users\Austin\AppData\Roaming\npm-cache\send is being purged
130 verbose gentlyRm don't care about contents; nuking C:\Users\Austin\AppData\Roaming\npm-cache\send
131 silly gentlyRm C:\Users\Austin\AppData\Roaming\npm-cache\serve-static is being purged
132 verbose gentlyRm don't care about contents; nuking C:\Users\Austin\AppData\Roaming\npm-cache\serve-static
133 silly gentlyRm C:\Users\Austin\AppData\Roaming\npm-cache\setprototypeof is being purged
134 verbose gentlyRm don't care about contents; nuking C:\Users\Austin\AppData\Roaming\npm-cache\setprototypeof
135 silly gentlyRm C:\Users\Austin\AppData\Roaming\npm-cache\sliced is being purged
136 verbose gentlyRm don't care about contents; nuking C:\Users\Austin\AppData\Roaming\npm-cache\sliced
137 silly gentlyRm C:\Users\Austin\AppData\Roaming\npm-cache\statuses is being purged
138 verbose gentlyRm don't care about contents; nuking C:\Users\Austin\AppData\Roaming\npm-cache\statuses
139 silly gentlyRm C:\Users\Austin\AppData\Roaming\npm-cache\string_decoder is being purged
140 verbose gentlyRm don't care about contents; nuking C:\Users\Austin\AppData\Roaming\npm-cache\string_decoder
141 silly gentlyRm C:\Users\Austin\AppData\Roaming\npm-cache\type-is is being purged
142 verbose gentlyRm don't care about contents; nuking C:\Users\Austin\AppData\Roaming\npm-cache\type-is
143 silly gentlyRm C:\Users\Austin\AppData\Roaming\npm-cache\unpipe is being purged
144 verbose gentlyRm don't care about contents; nuking C:\Users\Austin\AppData\Roaming\npm-cache\unpipe
145 silly gentlyRm C:\Users\Austin\AppData\Roaming\npm-cache\util-deprecate is being purged
146 verbose gentlyRm don't care about contents; nuking C:\Users\Austin\AppData\Roaming\npm-cache\util-deprecate
147 silly gentlyRm C:\Users\Austin\AppData\Roaming\npm-cache\utils-merge is being purged
148 verbose gentlyRm don't care about contents; nuking C:\Users\Austin\AppData\Roaming\npm-cache\utils-merge
149 silly gentlyRm C:\Users\Austin\AppData\Roaming\npm-cache\vary is being purged
150 verbose gentlyRm don't care about contents; nuking C:\Users\Austin\AppData\Roaming\npm-cache\vary
151 silly vacuum-fs purging C:\Users\Austin\AppData\Roaming\npm-cache\_locks
152 silly vacuum-fs purging C:\Users\Austin\AppData\Roaming\npm-cache\accepts
153 silly vacuum-fs purging C:\Users\Austin\AppData\Roaming\npm-cache\array-flatten
154 silly vacuum-fs purging C:\Users\Austin\AppData\Roaming\npm-cache\async
155 silly vacuum-fs purging C:\Users\Austin\AppData\Roaming\npm-cache\bluebird
156 silly vacuum-fs purging C:\Users\Austin\AppData\Roaming\npm-cache\body-parser
157 silly vacuum-fs purging C:\Users\Austin\AppData\Roaming\npm-cache\bson
158 silly vacuum-fs purging C:\Users\Austin\AppData\Roaming\npm-cache\buffer-shims
159 silly vacuum-fs purging C:\Users\Austin\AppData\Roaming\npm-cache\bytes
160 silly vacuum-fs purging C:\Users\Austin\AppData\Roaming\npm-cache\content-disposition
161 silly vacuum-fs purging C:\Users\Austin\AppData\Roaming\npm-cache\content-type
162 silly vacuum-fs purging C:\Users\Austin\AppData\Roaming\npm-cache\cookie
163 silly vacuum-fs purging C:\Users\Austin\AppData\Roaming\npm-cache\cookie-signature
164 silly vacuum-fs purging C:\Users\Austin\AppData\Roaming\npm-cache\core-util-is
165 silly vacuum-fs purging C:\Users\Austin\AppData\Roaming\npm-cache\debug
166 silly vacuum-fs purging C:\Users\Austin\AppData\Roaming\npm-cache\depd
167 silly vacuum-fs purging C:\Users\Austin\AppData\Roaming\npm-cache\destroy
168 silly vacuum-fs purging C:\Users\Austin\AppData\Roaming\npm-cache\ee-first
169 silly vacuum-fs purging C:\Users\Austin\AppData\Roaming\npm-cache\encodeurl
170 silly vacuum-fs purging C:\Users\Austin\AppData\Roaming\npm-cache\es6-promise
171 silly vacuum-fs purging C:\Users\Austin\AppData\Roaming\npm-cache\escape-html
172 silly vacuum-fs purging C:\Users\Austin\AppData\Roaming\npm-cache\etag
173 silly vacuum-fs purging C:\Users\Austin\AppData\Roaming\npm-cache\express
174 silly vacuum-fs purging C:\Users\Austin\AppData\Roaming\npm-cache\finalhandler
175 silly vacuum-fs purging C:\Users\Austin\AppData\Roaming\npm-cache\forwarded
176 silly vacuum-fs purging C:\Users\Austin\AppData\Roaming\npm-cache\fresh
177 silly vacuum-fs purging C:\Users\Austin\AppData\Roaming\npm-cache\hooks-fixed
178 silly vacuum-fs purging C:\Users\Austin\AppData\Roaming\npm-cache\http-errors
179 silly vacuum-fs purging C:\Users\Austin\AppData\Roaming\npm-cache\iconv-lite
180 silly vacuum-fs purging C:\Users\Austin\AppData\Roaming\npm-cache\inherits
181 silly vacuum-fs purging C:\Users\Austin\AppData\Roaming\npm-cache\ipaddr.js
182 silly vacuum-fs purging C:\Users\Austin\AppData\Roaming\npm-cache\isarray
183 silly vacuum-fs purging C:\Users\Austin\AppData\Roaming\npm-cache\kareem
184 silly vacuum-fs purging C:\Users\Austin\AppData\Roaming\npm-cache\media-typer
185 silly vacuum-fs purging C:\Users\Austin\AppData\Roaming\npm-cache\merge-descriptors
186 silly vacuum-fs purging C:\Users\Austin\AppData\Roaming\npm-cache\methods
187 silly vacuum-fs purging C:\Users\Austin\AppData\Roaming\npm-cache\mime
188 silly vacuum-fs purging C:\Users\Austin\AppData\Roaming\npm-cache\mime-db
189 silly vacuum-fs purging C:\Users\Austin\AppData\Roaming\npm-cache\mime-types
190 silly vacuum-fs purging C:\Users\Austin\AppData\Roaming\npm-cache\mongodb
191 silly vacuum-fs purging C:\Users\Austin\AppData\Roaming\npm-cache\mongodb-core
192 silly vacuum-fs purging C:\Users\Austin\AppData\Roaming\npm-cache\mongoose
193 silly vacuum-fs purging C:\Users\Austin\AppData\Roaming\npm-cache\mpath
194 silly vacuum-fs purging C:\Users\Austin\AppData\Roaming\npm-cache\mpromise
195 silly vacuum-fs purging C:\Users\Austin\AppData\Roaming\npm-cache\mquery
196 silly vacuum-fs purging C:\Users\Austin\AppData\Roaming\npm-cache\ms
197 silly vacuum-fs purging C:\Users\Austin\AppData\Roaming\npm-cache\muri
198 silly vacuum-fs purging C:\Users\Austin\AppData\Roaming\npm-cache\negotiator
199 silly vacuum-fs purging C:\Users\Austin\AppData\Roaming\npm-cache\on-finished
200 silly vacuum-fs purging C:\Users\Austin\AppData\Roaming\npm-cache\parseurl
201 silly vacuum-fs purging C:\Users\Austin\AppData\Roaming\npm-cache\path-to-regexp
202 silly vacuum-fs purging C:\Users\Austin\AppData\Roaming\npm-cache\process-nextick-args
203 silly vacuum-fs purging C:\Users\Austin\AppData\Roaming\npm-cache\proxy-addr
204 silly vacuum-fs purging C:\Users\Austin\AppData\Roaming\npm-cache\qs
205 silly vacuum-fs purging C:\Users\Austin\AppData\Roaming\npm-cache\range-parser
206 silly vacuum-fs purging C:\Users\Austin\AppData\Roaming\npm-cache\raw-body
207 silly vacuum-fs purging C:\Users\Austin\AppData\Roaming\npm-cache\readable-stream
208 silly vacuum-fs purging C:\Users\Austin\AppData\Roaming\npm-cache\regexp-clone
209 silly vacuum-fs purging C:\Users\Austin\AppData\Roaming\npm-cache\registry.npmjs.org
210 silly vacuum-fs purging C:\Users\Austin\AppData\Roaming\npm-cache\require_optional
211 silly vacuum-fs purging C:\Users\Austin\AppData\Roaming\npm-cache\resolve-from
212 silly vacuum-fs purging C:\Users\Austin\AppData\Roaming\npm-cache\semver
213 silly vacuum-fs purging C:\Users\Austin\AppData\Roaming\npm-cache\send
214 silly vacuum-fs purging C:\Users\Austin\AppData\Roaming\npm-cache\serve-static
215 silly vacuum-fs purging C:\Users\Austin\AppData\Roaming\npm-cache\setprototypeof
216 silly vacuum-fs purging C:\Users\Austin\AppData\Roaming\npm-cache\sliced
217 silly vacuum-fs purging C:\Users\Austin\AppData\Roaming\npm-cache\statuses
218 silly vacuum-fs purging C:\Users\Austin\AppData\Roaming\npm-cache\string_decoder
219 silly vacuum-fs purging C:\Users\Austin\AppData\Roaming\npm-cache\type-is
220 silly vacuum-fs purging C:\Users\Austin\AppData\Roaming\npm-cache\unpipe
221 silly vacuum-fs purging C:\Users\Austin\AppData\Roaming\npm-cache\util-deprecate
222 silly vacuum-fs purging C:\Users\Austin\AppData\Roaming\npm-cache\utils-merge
223 silly vacuum-fs purging C:\Users\Austin\AppData\Roaming\npm-cache\vary
224 silly vacuum-fs quitting because other entries in C:\Users\Austin\AppData\Roaming\npm-cache
225 silly vacuum-fs quitting because other entries in C:\Users\Austin\AppData\Roaming\npm-cache
226 silly vacuum-fs removing C:\Users\Austin\AppData\Roaming\npm-cache
227 silly vacuum-fs removing C:\Users\Austin\AppData\Roaming\npm-cache
228 silly vacuum-fs removing C:\Users\Austin\AppData\Roaming\npm-cache
229 silly vacuum-fs removing C:\Users\Austin\AppData\Roaming\npm-cache
230 silly vacuum-fs removing C:\Users\Austin\AppData\Roaming\npm-cache
231 silly vacuum-fs removing C:\Users\Austin\AppData\Roaming\npm-cache
232 silly vacuum-fs removing C:\Users\Austin\AppData\Roaming\npm-cache
233 silly vacuum-fs removing C:\Users\Austin\AppData\Roaming\npm-cache
234 silly vacuum-fs removing C:\Users\Austin\AppData\Roaming\npm-cache
235 silly vacuum-fs removing C:\Users\Austin\AppData\Roaming\npm-cache
236 silly vacuum-fs removing C:\Users\Austin\AppData\Roaming\npm-cache
237 silly vacuum-fs removing C:\Users\Austin\AppData\Roaming\npm-cache
238 silly vacuum-fs removing C:\Users\Austin\AppData\Roaming\npm-cache
239 silly vacuum-fs removing C:\Users\Austin\AppData\Roaming\npm-cache
240 silly vacuum-fs removing C:\Users\Austin\AppData\Roaming\npm-cache
241 silly vacuum-fs removing C:\Users\Austin\AppData\Roaming\npm-cache
242 silly vacuum-fs removing C:\Users\Austin\AppData\Roaming\npm-cache
243 silly vacuum-fs removing C:\Users\Austin\AppData\Roaming\npm-cache
244 silly vacuum-fs removing C:\Users\Austin\AppData\Roaming\npm-cache
245 silly vacuum-fs removing C:\Users\Austin\AppData\Roaming\npm-cache
246 silly vacuum-fs removing C:\Users\Austin\AppData\Roaming\npm-cache
247 silly vacuum-fs removing C:\Users\Austin\AppData\Roaming\npm-cache
248 silly vacuum-fs removing C:\Users\Austin\AppData\Roaming\npm-cache
249 silly vacuum-fs removing C:\Users\Austin\AppData\Roaming\npm-cache
250 silly vacuum-fs removing C:\Users\Austin\AppData\Roaming\npm-cache
251 silly vacuum-fs removing C:\Users\Austin\AppData\Roaming\npm-cache
252 silly vacuum-fs removing C:\Users\Austin\AppData\Roaming\npm-cache
253 silly vacuum-fs removing C:\Users\Austin\AppData\Roaming\npm-cache
254 silly vacuum-fs removing C:\Users\Austin\AppData\Roaming\npm-cache
255 silly vacuum-fs removing C:\Users\Austin\AppData\Roaming\npm-cache
256 silly vacuum-fs removing C:\Users\Austin\AppData\Roaming\npm-cache
257 silly vacuum-fs removing C:\Users\Austin\AppData\Roaming\npm-cache
258 silly vacuum-fs removing C:\Users\Austin\AppData\Roaming\npm-cache
259 silly vacuum-fs removing C:\Users\Austin\AppData\Roaming\npm-cache
260 silly vacuum-fs removing C:\Users\Austin\AppData\Roaming\npm-cache
261 silly vacuum-fs removing C:\Users\Austin\AppData\Roaming\npm-cache
262 silly vacuum-fs removing C:\Users\Austin\AppData\Roaming\npm-cache
263 silly vacuum-fs removing C:\Users\Austin\AppData\Roaming\npm-cache
264 silly vacuum-fs removing C:\Users\Austin\AppData\Roaming\npm-cache
265 silly vacuum-fs removing C:\Users\Austin\AppData\Roaming\npm-cache
266 silly vacuum-fs removing C:\Users\Austin\AppData\Roaming\npm-cache
267 silly vacuum-fs removing C:\Users\Austin\AppData\Roaming\npm-cache
268 silly vacuum-fs removing C:\Users\Austin\AppData\Roaming\npm-cache
269 silly vacuum-fs removing C:\Users\Austin\AppData\Roaming\npm-cache
270 silly vacuum-fs removing C:\Users\Austin\AppData\Roaming\npm-cache
271 silly vacuum-fs removing C:\Users\Austin\AppData\Roaming\npm-cache
272 silly vacuum-fs removing C:\Users\Austin\AppData\Roaming\npm-cache
273 silly vacuum-fs removing C:\Users\Austin\AppData\Roaming\npm-cache
274 silly vacuum-fs removing C:\Users\Austin\AppData\Roaming\npm-cache
275 silly vacuum-fs removing C:\Users\Austin\AppData\Roaming\npm-cache
276 silly vacuum-fs removing C:\Users\Austin\AppData\Roaming\npm-cache
277 silly vacuum-fs removing C:\Users\Austin\AppData\Roaming\npm-cache
278 silly vacuum-fs removing C:\Users\Austin\AppData\Roaming\npm-cache
279 silly vacuum-fs removing C:\Users\Austin\AppData\Roaming\npm-cache
280 silly vacuum-fs removing C:\Users\Austin\AppData\Roaming\npm-cache
281 silly vacuum-fs removing C:\Users\Austin\AppData\Roaming\npm-cache
282 silly vacuum-fs removing C:\Users\Austin\AppData\Roaming\npm-cache
283 silly vacuum-fs removing C:\Users\Austin\AppData\Roaming\npm-cache
284 silly vacuum-fs removing C:\Users\Austin\AppData\Roaming\npm-cache
285 silly vacuum-fs removing C:\Users\Austin\AppData\Roaming\npm-cache
286 silly vacuum-fs removing C:\Users\Austin\AppData\Roaming\npm-cache
287 silly vacuum-fs removing C:\Users\Austin\AppData\Roaming\npm-cache
288 silly vacuum-fs removing C:\Users\Austin\AppData\Roaming\npm-cache
289 silly vacuum-fs removing C:\Users\Austin\AppData\Roaming\npm-cache
290 silly vacuum-fs removing C:\Users\Austin\AppData\Roaming\npm-cache
291 silly vacuum-fs removing C:\Users\Austin\AppData\Roaming\npm-cache
292 silly vacuum-fs removing C:\Users\Austin\AppData\Roaming\npm-cache
293 silly vacuum-fs removing C:\Users\Austin\AppData\Roaming\npm-cache
294 silly vacuum-fs removing C:\Users\Austin\AppData\Roaming\npm-cache
295 silly vacuum-fs removing C:\Users\Austin\AppData\Roaming\npm-cache
296 silly vacuum-fs removing C:\Users\Austin\AppData\Roaming\npm-cache
297 silly vacuum-fs unable to remove C:\Users\Austin\AppData\Roaming\npm-cache due to EPERM: operation not permitted, rmdir 'C:\Users\Austin\AppData\Roaming\npm-cache'
298 silly vacuum-fs quitting because lost the race to remove C:\Users\Austin\AppData\Roaming\npm-cache
299 silly vacuum-fs quitting because lost the race to remove C:\Users\Austin\AppData\Roaming\npm-cache
300 silly vacuum-fs quitting because lost the race to remove C:\Users\Austin\AppData\Roaming\npm-cache
301 silly vacuum-fs quitting because lost the race to remove C:\Users\Austin\AppData\Roaming\npm-cache
302 silly vacuum-fs quitting because lost the race to remove C:\Users\Austin\AppData\Roaming\npm-cache
303 silly vacuum-fs quitting because lost the race to remove C:\Users\Austin\AppData\Roaming\npm-cache
304 silly vacuum-fs quitting because lost the race to remove C:\Users\Austin\AppData\Roaming\npm-cache
305 silly vacuum-fs quitting because lost the race to remove C:\Users\Austin\AppData\Roaming\npm-cache
306 silly vacuum-fs quitting because lost the race to remove C:\Users\Austin\AppData\Roaming\npm-cache
307 silly vacuum-fs quitting because lost the race to remove C:\Users\Austin\AppData\Roaming\npm-cache
308 silly vacuum-fs quitting because lost the race to remove C:\Users\Austin\AppData\Roaming\npm-cache
309 silly vacuum-fs quitting because lost the race to remove C:\Users\Austin\AppData\Roaming\npm-cache
310 silly vacuum-fs quitting because lost the race to remove C:\Users\Austin\AppData\Roaming\npm-cache
311 silly vacuum-fs quitting because lost the race to remove C:\Users\Austin\AppData\Roaming\npm-cache
312 silly vacuum-fs quitting because lost the race to remove C:\Users\Austin\AppData\Roaming\npm-cache
313 silly vacuum-fs quitting because lost the race to remove C:\Users\Austin\AppData\Roaming\npm-cache
314 silly vacuum-fs quitting because lost the race to remove C:\Users\Austin\AppData\Roaming\npm-cache
315 silly vacuum-fs quitting because lost the race to remove C:\Users\Austin\AppData\Roaming\npm-cache
316 silly vacuum-fs quitting because lost the race to remove C:\Users\Austin\AppData\Roaming\npm-cache
317 silly vacuum-fs quitting because lost the race to remove C:\Users\Austin\AppData\Roaming\npm-cache
318 silly vacuum-fs quitting because lost the race to remove C:\Users\Austin\AppData\Roaming\npm-cache
319 silly vacuum-fs quitting because lost the race to remove C:\Users\Austin\AppData\Roaming\npm-cache
320 silly vacuum-fs quitting because lost the race to remove C:\Users\Austin\AppData\Roaming\npm-cache
321 silly vacuum-fs quitting because lost the race to remove C:\Users\Austin\AppData\Roaming\npm-cache
322 silly vacuum-fs quitting because lost the race to remove C:\Users\Austin\AppData\Roaming\npm-cache
323 silly vacuum-fs quitting because lost the race to remove C:\Users\Austin\AppData\Roaming\npm-cache
324 silly vacuum-fs quitting because lost the race to remove C:\Users\Austin\AppData\Roaming\npm-cache
325 silly vacuum-fs quitting because lost the race to remove C:\Users\Austin\AppData\Roaming\npm-cache
326 silly vacuum-fs quitting because lost the race to remove C:\Users\Austin\AppData\Roaming\npm-cache
327 silly vacuum-fs quitting because lost the race to remove C:\Users\Austin\AppData\Roaming\npm-cache
328 silly vacuum-fs quitting because lost the race to remove C:\Users\Austin\AppData\Roaming\npm-cache
329 silly vacuum-fs quitting because lost the race to remove C:\Users\Austin\AppData\Roaming\npm-cache
330 silly vacuum-fs quitting because lost the race to remove C:\Users\Austin\AppData\Roaming\npm-cache
331 silly vacuum-fs quitting because lost the race to remove C:\Users\Austin\AppData\Roaming\npm-cache
332 silly vacuum-fs quitting because lost the race to remove C:\Users\Austin\AppData\Roaming\npm-cache
333 silly vacuum-fs quitting because lost the race to remove C:\Users\Austin\AppData\Roaming\npm-cache
334 silly vacuum-fs quitting because lost the race to remove C:\Users\Austin\AppData\Roaming\npm-cache
335 silly vacuum-fs quitting because lost the race to remove C:\Users\Austin\AppData\Roaming\npm-cache
336 silly vacuum-fs quitting because lost the race to remove C:\Users\Austin\AppData\Roaming\npm-cache
337 silly vacuum-fs quitting because lost the race to remove C:\Users\Austin\AppData\Roaming\npm-cache
338 silly vacuum-fs quitting because lost the race to remove C:\Users\Austin\AppData\Roaming\npm-cache
339 silly vacuum-fs quitting because lost the race to remove C:\Users\Austin\AppData\Roaming\npm-cache
340 silly vacuum-fs quitting because lost the race to remove C:\Users\Austin\AppData\Roaming\npm-cache
341 silly vacuum-fs quitting because lost the race to remove C:\Users\Austin\AppData\Roaming\npm-cache
342 silly vacuum-fs quitting because lost the race to remove C:\Users\Austin\AppData\Roaming\npm-cache
343 silly vacuum-fs quitting because lost the race to remove C:\Users\Austin\AppData\Roaming\npm-cache
344 silly vacuum-fs quitting because lost the race to remove C:\Users\Austin\AppData\Roaming\npm-cache
345 silly vacuum-fs quitting because lost the race to remove C:\Users\Austin\AppData\Roaming\npm-cache
346 silly vacuum-fs quitting because lost the race to remove C:\Users\Austin\AppData\Roaming\npm-cache
347 silly vacuum-fs quitting because lost the race to remove C:\Users\Austin\AppData\Roaming\npm-cache
348 silly vacuum-fs quitting because lost the race to remove C:\Users\Austin\AppData\Roaming\npm-cache
349 silly vacuum-fs quitting because lost the race to remove C:\Users\Austin\AppData\Roaming\npm-cache
350 silly vacuum-fs quitting because lost the race to remove C:\Users\Austin\AppData\Roaming\npm-cache
351 silly vacuum-fs quitting because lost the race to remove C:\Users\Austin\AppData\Roaming\npm-cache
352 silly vacuum-fs quitting because lost the race to remove C:\Users\Austin\AppData\Roaming\npm-cache
353 silly vacuum-fs quitting because lost the race to remove C:\Users\Austin\AppData\Roaming\npm-cache
354 silly vacuum-fs quitting because lost the race to remove C:\Users\Austin\AppData\Roaming\npm-cache
355 silly vacuum-fs quitting because lost the race to remove C:\Users\Austin\AppData\Roaming\npm-cache
356 silly vacuum-fs quitting because lost the race to remove C:\Users\Austin\AppData\Roaming\npm-cache
357 silly vacuum-fs quitting because lost the race to remove C:\Users\Austin\AppData\Roaming\npm-cache
358 silly vacuum-fs quitting because lost the race to remove C:\Users\Austin\AppData\Roaming\npm-cache
359 silly vacuum-fs quitting because lost the race to remove C:\Users\Austin\AppData\Roaming\npm-cache
360 silly vacuum-fs quitting because lost the race to remove C:\Users\Austin\AppData\Roaming\npm-cache
361 silly vacuum-fs quitting because lost the race to remove C:\Users\Austin\AppData\Roaming\npm-cache
362 silly vacuum-fs quitting because lost the race to remove C:\Users\Austin\AppData\Roaming\npm-cache
363 silly vacuum-fs quitting because lost the race to remove C:\Users\Austin\AppData\Roaming\npm-cache
364 silly vacuum-fs quitting because lost the race to remove C:\Users\Austin\AppData\Roaming\npm-cache
365 silly vacuum-fs quitting because lost the race to remove C:\Users\Austin\AppData\Roaming\npm-cache
366 silly vacuum-fs quitting because other entries in C:\Users\Austin\AppData\Roaming
367 silly vacuum-fs quitting because other entries in C:\Users\Austin\AppData\Roaming
368 verbose stack Error: EPERM: operation not permitted, rmdir 'C:\Users\Austin\AppData\Roaming\npm-cache'
368 verbose stack     at Error (native)
369 verbose cwd C:\Users\Austin\webdev\hw
370 error Windows_NT 10.0.10586
371 error argv "C:\\Program Files\\nodejs\\node.exe" "C:\\Program Files\\nodejs\\node_modules\\npm\\bin\\npm-cli.js" "cache" "clean"
372 error node v4.5.0
373 error npm  v2.15.9
374 error path C:\Users\Austin\AppData\Roaming\npm-cache
375 error code EPERM
376 error errno -4048
377 error syscall rmdir
378 error Error: EPERM: operation not permitted, rmdir 'C:\Users\Austin\AppData\Roaming\npm-cache'
378 error     at Error (native)
378 error  { [Error: EPERM: operation not permitted, rmdir 'C:\Users\Austin\AppData\Roaming\npm-cache']
378 error   errno: -4048,
378 error   code: 'EPERM',
378 error   syscall: 'rmdir',
378 error   path: 'C:\\Users\\Austin\\AppData\\Roaming\\npm-cache' }
379 error Please try running this command again as root/Administrator.
380 verbose exit [ -4048, true ]
